Step: step-credential-initializer-w5gpc:

{"level":"warn","ts":1565727421.0162063,"logger":"fallback-logger","caller":"logging/config.go:69","msg":"Fetch GitHub commit ID from kodata failed: \"ref: refs/heads/master\" is not a valid GitHub commit ID"}
{"level":"info","ts":1565727421.0176492,"logger":"fallback-logger","caller":"creds-init/main.go:40","msg":"Credentials initialized."}
Step: step-working-dir-initializer-k7kbj:

{"level":"warn","ts":1565727421.530229,"logger":"fallback-logger","caller":"logging/config.go:69","msg":"Fetch GitHub commit ID from kodata failed: open /var/run/ko/HEAD: no such file or directory"}
{"level":"info","ts":1565727421.531204,"logger":"fallback-logger","caller":"bash/main.go:65","msg":"Successfully executed command \"mkdir -p /workspace/source\""}
Step: step-place-tools:

Step: step-git-source-meta-****************-jx-go-mas-xv9gc:

{"level":"warn","ts":1565727523.5674593,"logger":"fallback-logger","caller":"logging/config.go:69","msg":"Fetch GitHub commit ID from kodata failed: \"ref: refs/heads/master\" is not a valid GitHub commit ID"}
{"level":"info","ts":1565727523.8959813,"logger":"fallback-logger","caller":"git/git.go:102","msg":"Successfully cloned https://github.com/****************/jx-go.git @ f860bd6ac5c3628976c544398d16f94514a0182b in path /workspace/source"}
Step: step-git-merge:

{"level":"info","msg":"Using SHAs from PULL_REFS=master:f860bd6ac5c3628976c544398d16f94514a0182b","time":"2019-08-13T20:18:44Z"}
{"level":"warning","msg":"no SHAs to merge, falling back to initial cloned commit","time":"2019-08-13T20:18:44Z"}
Step: step-merge-pull-refs:

SKIP merge-pull-refs: Nothing to merge
Step: step-create-effective-pipeline:

{"level":"info","msg":"Deleting and cloning the Jenkins X versions repo","time":"2019-08-13T20:18:45Z"}
{"level":"info","msg":"Cloning the Jenkins X versions repo https://github.com/jenkins-x/jenkins-x-versions.git with ref refs/heads/master to /builder/home/.jx/jenkins-x-versions","time":"2019-08-13T20:18:45Z"}
{"level":"info","msg":"Effective pipeline written to jenkins-x-effective.yml","time":"2019-08-13T20:18:46Z"}
Step: step-create-tekton-crds:

{"level":"info","msg":"running command: echo \\$(jx-release-version) \u003e VERSION","time":"2019-08-13T20:18:47Z"}
{"level":"info","msg":"","time":"2019-08-13T20:18:47Z"}
{"level":"info","msg":"running command: jx step tag --version \\$(cat VERSION)","time":"2019-08-13T20:18:47Z"}
{"level":"info","msg":"Updating chart version in charts/jx-go/Chart.yaml to 0.0.1","time":"2019-08-13T20:18:47Z"}
{"level":"info","msg":"Updating repository in charts/jx-go/values.yaml to 10.27.244.247:5000/****************/jx-go","time":"2019-08-13T20:18:47Z"}
{"level":"info","msg":"Updating tag in charts/jx-go/values.yaml to 0.0.1","time":"2019-08-13T20:18:47Z"}
{"level":"info","msg":"Tag v0.0.1 created and pushed to remote origin","time":"2019-08-13T20:18:50Z"}
{"level":"info","msg":"","time":"2019-08-13T20:18:50Z"}
{"level":"warning","msg":"failed to find secret kaniko-secret in namespace ****************: secrets \"kaniko-secret\" not found","time":"2019-08-13T20:18:50Z"}
{"level":"info","msg":"PipelineActivity for ****************-jx-go-master-1","time":"2019-08-13T20:18:50Z"}
{"level":"info","msg":"Applying changes ","time":"2019-08-13T20:18:50Z"}
{"level":"info","msg":"upserted PipelineResource ****************-jx-go-master for the git repository https://github.com/****************/jx-go.git and branch master","time":"2019-08-13T20:18:50Z"}
{"level":"info","msg":"upserted Task ****************-jx-go-master-from-build-pack-1","time":"2019-08-13T20:18:50Z"}
{"level":"info","msg":"upserted Pipeline ****************-jx-go-master-1","time":"2019-08-13T20:18:50Z"}
{"level":"info","msg":"created PipelineRun ****************-jx-go-master-1","time":"2019-08-13T20:18:50Z"}
{"level":"info","msg":"created PipelineStructure ****************-jx-go-master-1","time":"2019-08-13T20:18:50Z"}
